<?xml version="1.0" encoding="UTF-8"?>
<dwml version="1.0" xmlns:xsi="http://www.w3.org/2001/XMLSchema-instance"
      xsi:noNamespaceSchemaLocation="http://www.nws.noaa.gov/forecasts/xml/DWMLgen/schema/DWML.xsd">
    <head>
        <product srsName="WGS 1984" concise-name="time-series" operational-mode="official">
            <title>NOAA's National Weather Service Forecast Data</title>
            <field>meteorological</field>
            <category>forecast</category>
            <creation-date refresh-frequency="PT1H">2015-03-02T00:28:42Z</creation-date>
        </product>
        <source>
            <more-information>http://www.nws.noaa.gov/forecasts/xml/</more-information>
            <production-center>Meteorological Development Laboratory
                <sub-center>Product Generation Branch</sub-center>
            </production-center>
            <disclaimer>http://www.nws.noaa.gov/disclaimer.html</disclaimer>
            <credit>http://www.weather.gov/</credit>
            <credit-logo>http://www.weather.gov/images/xml_logo.gif</credit-logo>
            <feedback>http://www.weather.gov/feedback.php</feedback>
        </source>
    </head>
    <data>
        <location>
            <location-key>point1</location-key>
            <point latitude="38.70" longitude="-121.27"/>
        </location>
        <moreWeatherInformation applicable-location="point1">http://forecast.weather.gov/MapClick.php?textField1=38.70&amp;textField2=-121.27</moreWeatherInformation>
        <time-layout time-coordinate="local" summarization="none">
            <layout-key>k-p12h-n14-1</layout-key>
            <start-valid-time>2015-03-01T16:00:00-08:00</start-valid-time>
            <end-valid-time>2015-03-02T04:00:00-08:00</end-valid-time>
            <start-valid-time>2015-03-02T04:00:00-08:00</start-valid-time>
            <end-valid-time>2015-03-02T16:00:00-08:00</end-valid-time>
            <start-valid-time>2015-03-02T16:00:00-08:00</start-valid-time>
            <end-valid-time>2015-03-03T04:00:00-08:00</end-valid-time>
            <start-valid-time>2015-03-03T04:00:00-08:00</start-valid-time>
            <end-valid-time>2015-03-03T16:00:00-08:00</end-valid-time>
            <start-valid-time>2015-03-03T16:00:00-08:00</start-valid-time>
            <end-valid-time>2015-03-04T04:00:00-08:00</end-valid-time>
            <start-valid-time>2015-03-04T04:00:00-08:00</start-valid-time>
            <end-valid-time>2015-03-04T16:00:00-08:00</end-valid-time>
            <start-valid-time>2015-03-04T16:00:00-08:00</start-valid-time>
            <end-valid-time>2015-03-05T04:00:00-08:00</end-valid-time>
            <start-valid-time>2015-03-05T04:00:00-08:00</start-valid-time>
            <end-valid-time>2015-03-05T16:00:00-08:00</end-valid-time>
            <start-valid-time>2015-03-05T16:00:00-08:00</start-valid-time>
            <end-valid-time>2015-03-06T04:00:00-08:00</end-valid-time>
            <start-valid-time>2015-03-06T04:00:00-08:00</start-valid-time>
            <end-valid-time>2015-03-06T16:00:00-08:00</end-valid-time>
            <start-valid-time>2015-03-06T16:00:00-08:00</start-valid-time>
            <end-valid-time>2015-03-07T04:00:00-08:00</end-valid-time>
            <start-valid-time>2015-03-07T04:00:00-08:00</start-valid-time>
            <end-valid-time>2015-03-07T16:00:00-08:00</end-valid-time>
            <start-valid-time>2015-03-07T17:00:00-08:00</start-valid-time>
            <end-valid-time>2015-03-08T05:00:00-07:00</end-valid-time>
            <start-valid-time>2015-03-08T05:00:00-07:00</start-valid-time>
            <end-valid-time>2015-03-08T17:00:00-07:00</end-valid-time>
        </time-layout>
        <time-layout time-coordinate="local" summarization="none">
            <layout-key>k-p3h-n40-2</layout-key>
            <start-valid-time>2015-03-01T19:00:00-08:00</start-valid-time>
            <start-valid-time>2015-03-01T22:00:00-08:00</start-valid-time>
            <start-valid-time>2015-03-02T01:00:00-08:00</start-valid-time>
            <start-valid-time>2015-03-02T04:00:00-08:00</start-valid-time>
            <start-valid-time>2015-03-02T07:00:00-08:00</start-valid-time>
            <start-valid-time>2015-03-02T10:00:00-08:00</start-valid-time>
            <start-valid-time>2015-03-02T13:00:00-08:00</start-valid-time>
            <start-valid-time>2015-03-02T16:00:00-08:00</start-valid-time>
            <start-valid-time>2015-03-02T19:00:00-08:00</start-valid-time>
            <start-valid-time>2015-03-02T22:00:00-08:00</start-valid-time>
            <start-valid-time>2015-03-03T01:00:00-08:00</start-valid-time>
            <start-valid-time>2015-03-03T04:00:00-08:00</start-valid-time>
            <start-valid-time>2015-03-03T07:00:00-08:00</start-valid-time>
            <start-valid-time>2015-03-03T10:00:00-08:00</start-valid-time>
            <start-valid-time>2015-03-03T13:00:00-08:00</start-valid-time>
            <start-valid-time>2015-03-03T16:00:00-08:00</start-valid-time>
            <start-valid-time>2015-03-03T19:00:00-08:00</start-valid-time>
            <start-valid-time>2015-03-03T22:00:00-08:00</start-valid-time>
            <start-valid-time>2015-03-04T01:00:00-08:00</start-valid-time>
            <start-valid-time>2015-03-04T04:00:00-08:00</start-valid-time>
            <start-valid-time>2015-03-04T07:00:00-08:00</start-valid-time>
            <start-valid-time>2015-03-04T10:00:00-08:00</start-valid-time>
            <start-valid-time>2015-03-04T13:00:00-08:00</start-valid-time>
            <start-valid-time>2015-03-04T16:00:00-08:00</start-valid-time>
            <start-valid-time>2015-03-04T22:00:00-08:00</start-valid-time>
            <start-valid-time>2015-03-05T04:00:00-08:00</start-valid-time>
            <start-valid-time>2015-03-05T10:00:00-08:00</start-valid-time>
            <start-valid-time>2015-03-05T16:00:00-08:00</start-valid-time>
            <start-valid-time>2015-03-05T22:00:00-08:00</start-valid-time>
            <start-valid-time>2015-03-06T04:00:00-08:00</start-valid-time>
            <start-valid-time>2015-03-06T10:00:00-08:00</start-valid-time>
            <start-valid-time>2015-03-06T16:00:00-08:00</start-valid-time>
            <start-valid-time>2015-03-06T22:00:00-08:00</start-valid-time>
            <start-valid-time>2015-03-07T04:00:00-08:00</start-valid-time>
            <start-valid-time>2015-03-07T10:00:00-08:00</start-valid-time>
            <start-valid-time>2015-03-07T16:00:00-08:00</start-valid-time>
            <start-valid-time>2015-03-07T22:00:00-08:00</start-valid-time>
            <start-valid-time>2015-03-08T05:00:00-07:00</start-valid-time>
            <start-valid-time>2015-03-08T11:00:00-07:00</start-valid-time>
            <start-valid-time>2015-03-08T17:00:00-07:00</start-valid-time>
        </time-layout>
        <parameters applicable-location="point1">
            <temperature type="apparent" units="Fahrenheit" time-layout="k-p3h-n40-2">
                <name>Apparent Temperature</name>
                <value>54</value>
                <value>48</value>
                <value>41</value>
                <value>36</value>
                <value>39</value>
                <value>53</value>
                <value>60</value>
                <value>63</value>
                <value>55</value>
                <value>48</value>
                <value>45</value>
                <value>43</value>
                <value>43</value>
                <value>55</value>
                <value>63</value>
                <value>65</value>
                <value>56</value>
                <value>49</value>
                <value>44</value>
                <value>41</value>
                <value>40</value>
                <value>56</value>
                <value>63</value>
                <value>66</value>
                <value>50</value>
                <value>42</value>
                <value>57</value>
                <value>68</value>
                <value>51</value>
                <value>43</value>
                <value>56</value>
                <value>68</value>
                <value>53</value>
                <value>46</value>
                <value>58</value>
                <value>69</value>
                <value>53</value>
                <value>48</value>
                <value>60</value>
                <value>69</value>
            </temperature>
            <probability-of-precipitation type="12 hour" units="percent" time-layout="k-p12h-n14-1">
                <name>12 Hourly Probability of Precipitation</name>
                <value>4</value>
                <value>23</value>
                <value>13</value>
                <value>5</value>
                <value>0</value>
                <value>0</value>
                <value>0</value>
                <value>0</value>
                <value>0</value>
                <value>0</value>
                <value>0</value>
                <value>0</value>
                <value>0</value>
                <value>0</value>
            </probability-of-precipitation>
            <wind-speed type="sustained" units="knots" time-layout="k-p3h-n40-2">
                <name>Wind Speed</name>
                <value>2</value>
                <value>2</value>
                <value>4</value>
                <value>6</value>
                <value>6</value>
                <value>9</value>
                <value>7</value>
                <value>2</value>
                <value>2</value>
                <value>1</value>
                <value>2</value>
                <value>2</value>
                <value>2</value>
                <value>8</value>
                <value>8</value>
                <value>6</value>
                <value>6</value>
                <value>2</value>
                <value>2</value>
                <value>2</value>
                <value>2</value>
                <value>4</value>
                <value>4</value>
                <value>4</value>
                <value>3</value>
                <value>5</value>
                <value>4</value>
                <value>3</value>
                <value>2</value>
                <value>4</value>
                <value>3</value>
                <value>4</value>
                <value>2</value>
                <value>3</value>
                <value>3</value>
                <value>2</value>
                <value>1</value>
                <value>3</value>
                <value>4</value>
                <value>4</value>
            </wind-speed>
            <cloud-amount type="total" units="percent" time-layout="k-p3h-n40-2">
                <name>Cloud Cover Amount</name>
                <value>14</value>
                <value>22</value>
                <value>22</value>
                <value>62</value>
                <value>62</value>
                <value>55</value>
                <value>55</value>
                <value>45</value>
                <value>45</value>
                <value>34</value>
                <value>34</value>
                <value>42</value>
                <value>42</value>
                <value>32</value>
                <value>32</value>
                <value>15</value>
                <value>15</value>
                <value>13</value>
                <value>13</value>
                <value>5</value>
                <value>5</value>
                <value>4</value>
                <value>4</value>
                <value>4</value>
                <value>4</value>
                <value>6</value>
                <value>6</value>
                <value>11</value>
                <value>11</value>
                <value>16</value>
                <value>16</value>
                <value>15</value>
                <value>15</value>
                <value>21</value>
                <value>21</value>
                <value>26</value>
                <value>26</value>
                <value>25</value>
                <value>25</value>
                <value>27</value>
            </cloud-amount>
        </parameters>
    </data>
</dwml>