<?xml version="1.0" encoding="UTF-8"?>
<dwml version="1.0" xmlns:xsd="http://www.w3.org/2001/XMLSchema" xmlns:xsi="http://www.w3.org/2001/XMLSchema-instance" xsi:noNamespaceSchemaLocation="http://www.nws.noaa.gov/forecasts/xml/DWMLgen/schema/DWML.xsd">
  <head>
    <product srsName="WGS 1984" concise-name="time-series" operational-mode="official">
      <title>NOAA's National Weather Service Forecast Data</title>
      <field>meteorological</field>
      <category>forecast</category>
      <creation-date refresh-frequency="PT1H">2015-01-17T23:23:26Z</creation-date>
    </product>
    <source>
      <more-information>http://www.nws.noaa.gov/forecasts/xml/</more-information>
      <production-center>Meteorological Development Laboratory<sub-center>Product Generation Branch</sub-center></production-center>
      <disclaimer>http://www.nws.noaa.gov/disclaimer.html</disclaimer>
      <credit>http://www.weather.gov/</credit>
      <credit-logo>http://www.weather.gov/images/xml_logo.gif</credit-logo>
      <feedback>http://www.weather.gov/feedback.php</feedback>
    </source>
  </head>
  <data>
    <location>
      <location-key>point1</location-key>
      <point latitude="29.81" longitude="-95.31"/>
    </location>
    <moreWeatherInformation applicable-location="point1">http://forecast.weather.gov/MapClick.php?textField1=29.81&amp;textField2=-95.31</moreWeatherInformation>
    <time-layout time-coordinate="local" summarization="none">
      <layout-key>k-p12h-n15-1</layout-key>
      <start-valid-time>2015-01-17T06:00:00-06:00</start-valid-time>
      <end-valid-time>2015-01-17T18:00:00-06:00</end-valid-time>
      <start-valid-time>2015-01-17T18:00:00-06:00</start-valid-time>
      <end-valid-time>2015-01-18T06:00:00-06:00</end-valid-time>
      <start-valid-time>2015-01-18T06:00:00-06:00</start-valid-time>
      <end-valid-time>2015-01-18T18:00:00-06:00</end-valid-time>
      <start-valid-time>2015-01-18T18:00:00-06:00</start-valid-time>
      <end-valid-time>2015-01-19T06:00:00-06:00</end-valid-time>
      <start-valid-time>2015-01-19T06:00:00-06:00</start-valid-time>
      <end-valid-time>2015-01-19T18:00:00-06:00</end-valid-time>
      <start-valid-time>2015-01-19T18:00:00-06:00</start-valid-time>
      <end-valid-time>2015-01-20T06:00:00-06:00</end-valid-time>
      <start-valid-time>2015-01-20T06:00:00-06:00</start-valid-time>
      <end-valid-time>2015-01-20T18:00:00-06:00</end-valid-time>
      <start-valid-time>2015-01-20T18:00:00-06:00</start-valid-time>
      <end-valid-time>2015-01-21T06:00:00-06:00</end-valid-time>
      <start-valid-time>2015-01-21T06:00:00-06:00</start-valid-time>
      <end-valid-time>2015-01-21T18:00:00-06:00</end-valid-time>
      <start-valid-time>2015-01-21T18:00:00-06:00</start-valid-time>
      <end-valid-time>2015-01-22T06:00:00-06:00</end-valid-time>
      <start-valid-time>2015-01-22T06:00:00-06:00</start-valid-time>
      <end-valid-time>2015-01-22T18:00:00-06:00</end-valid-time>
      <start-valid-time>2015-01-22T18:00:00-06:00</start-valid-time>
      <end-valid-time>2015-01-23T06:00:00-06:00</end-valid-time>
      <start-valid-time>2015-01-23T06:00:00-06:00</start-valid-time>
      <end-valid-time>2015-01-23T18:00:00-06:00</end-valid-time>
      <start-valid-time>2015-01-23T18:00:00-06:00</start-valid-time>
      <end-valid-time>2015-01-24T06:00:00-06:00</end-valid-time>
      <start-valid-time>2015-01-24T06:00:00-06:00</start-valid-time>
      <end-valid-time>2015-01-24T18:00:00-06:00</end-valid-time>
    </time-layout>
    <time-layout time-coordinate="local" summarization="none">
      <layout-key>k-p3h-n41-2</layout-key>
      <start-valid-time>2015-01-17T18:00:00-06:00</start-valid-time>
      <start-valid-time>2015-01-17T21:00:00-06:00</start-valid-time>
      <start-valid-time>2015-01-18T00:00:00-06:00</start-valid-time>
      <start-valid-time>2015-01-18T03:00:00-06:00</start-valid-time>
      <start-valid-time>2015-01-18T06:00:00-06:00</start-valid-time>
      <start-valid-time>2015-01-18T09:00:00-06:00</start-valid-time>
      <start-valid-time>2015-01-18T12:00:00-06:00</start-valid-time>
      <start-valid-time>2015-01-18T15:00:00-06:00</start-valid-time>
      <start-valid-time>2015-01-18T18:00:00-06:00</start-valid-time>
      <start-valid-time>2015-01-18T21:00:00-06:00</start-valid-time>
      <start-valid-time>2015-01-19T00:00:00-06:00</start-valid-time>
      <start-valid-time>2015-01-19T03:00:00-06:00</start-valid-time>
      <start-valid-time>2015-01-19T06:00:00-06:00</start-valid-time>
      <start-valid-time>2015-01-19T09:00:00-06:00</start-valid-time>
      <start-valid-time>2015-01-19T12:00:00-06:00</start-valid-time>
      <start-valid-time>2015-01-19T15:00:00-06:00</start-valid-time>
      <start-valid-time>2015-01-19T18:00:00-06:00</start-valid-time>
      <start-valid-time>2015-01-19T21:00:00-06:00</start-valid-time>
      <start-valid-time>2015-01-20T00:00:00-06:00</start-valid-time>
      <start-valid-time>2015-01-20T03:00:00-06:00</start-valid-time>
      <start-valid-time>2015-01-20T06:00:00-06:00</start-valid-time>
      <start-valid-time>2015-01-20T09:00:00-06:00</start-valid-time>
      <start-valid-time>2015-01-20T12:00:00-06:00</start-valid-time>
      <start-valid-time>2015-01-20T15:00:00-06:00</start-valid-time>
      <start-valid-time>2015-01-20T18:00:00-06:00</start-valid-time>
      <start-valid-time>2015-01-21T00:00:00-06:00</start-valid-time>
      <start-valid-time>2015-01-21T06:00:00-06:00</start-valid-time>
      <start-valid-time>2015-01-21T12:00:00-06:00</start-valid-time>
      <start-valid-time>2015-01-21T18:00:00-06:00</start-valid-time>
      <start-valid-time>2015-01-22T00:00:00-06:00</start-valid-time>
      <start-valid-time>2015-01-22T06:00:00-06:00</start-valid-time>
      <start-valid-time>2015-01-22T12:00:00-06:00</start-valid-time>
      <start-valid-time>2015-01-22T18:00:00-06:00</start-valid-time>
      <start-valid-time>2015-01-23T00:00:00-06:00</start-valid-time>
      <start-valid-time>2015-01-23T06:00:00-06:00</start-valid-time>
      <start-valid-time>2015-01-23T12:00:00-06:00</start-valid-time>
      <start-valid-time>2015-01-23T18:00:00-06:00</start-valid-time>
      <start-valid-time>2015-01-24T00:00:00-06:00</start-valid-time>
      <start-valid-time>2015-01-24T06:00:00-06:00</start-valid-time>
      <start-valid-time>2015-01-24T12:00:00-06:00</start-valid-time>
      <start-valid-time>2015-01-24T18:00:00-06:00</start-valid-time>
    </time-layout>
    <parameters applicable-location="point1">
      <temperature type="hourly" units="Fahrenheit" time-layout="k-p3h-n41-2">
        <name>Temperature</name>
        <value>60</value>
        <value>52</value>
        <value>49</value>
        <value>46</value>
        <value>45</value>
        <value>50</value>
        <value>62</value>
        <value>67</value>
        <value>59</value>
        <value>51</value>
        <value>47</value>
        <value>44</value>
        <value>43</value>
        <value>49</value>
        <value>64</value>
        <value>70</value>
        <value>64</value>
        <value>57</value>
        <value>54</value>
        <value>52</value>
        <value>51</value>
        <value>55</value>
        <value>67</value>
        <value>71</value>
        <value>63</value>
        <value>51</value>
        <value>47</value>
        <value>60</value>
        <value>58</value>
        <value>49</value>
        <value>46</value>
        <value>51</value>
        <value>49</value>
        <value>43</value>
        <value>41</value>
        <value>53</value>
        <value>51</value>
        <value>44</value>
        <value>41</value>
        <value>51</value>
        <value>50</value>
      </temperature>
      <wind-speed type="sustained" units="knots" time-layout="k-p3h-n41-2">
        <name>Wind Speed</name>
        <value>5</value>
        <value>5</value>
        <value>5</value>
        <value>7</value>
        <value>6</value>
        <value>5</value>
        <value>6</value>
        <value>4</value>
        <value>3</value>
        <value>3</value>
        <value>3</value>
        <value>3</value>
        <value>3</value>
        <value>2</value>
        <value>6</value>
        <value>7</value>
        <value>6</value>
        <value>4</value>
        <value>4</value>
        <value>3</value>
        <value>3</value>
        <value>4</value>
        <value>5</value>
        <value>5</value>
        <value>4</value>
        <value>4</value>
        <value>8</value>
        <value>8</value>
        <value>7</value>
        <value>6</value>
        <value>9</value>
        <value>9</value>
        <value>8</value>
        <value>6</value>
        <value>7</value>
        <value>8</value>
        <value>6</value>
        <value>4</value>
        <value>7</value>
        <value>7</value>
        <value>7</value>
      </wind-speed>
      <probability-of-precipitation type="12 hour" units="percent" time-layout="k-p12h-n15-1">
        <name>12 Hourly Probability of Precipitation</name>
        <value>0</value>
        <value>2</value>
        <value>2</value>
        <value>0</value>
        <value>4</value>
        <value>5</value>
        <value>4</value>
        <value>5</value>
        <value>10</value>
        <value>35</value>
        <value>63</value>
        <value>63</value>
        <value>42</value>
        <value>27</value>
        <value>28</value>
      </probability-of-precipitation>
    </parameters>
  </data>
</dwml>