<?xml version="1.0" encoding="UTF-8"?>
<dwml version="1.0" xmlns:xsd="http://www.w3.org/2001/XMLSchema" xmlns:xsi="http://www.w3.org/2001/XMLSchema-instance" xsi:noNamespaceSchemaLocation="http://www.nws.noaa.gov/forecasts/xml/DWMLgen/schema/DWML.xsd">
  <head>
    <product srsName="WGS 1984" concise-name="time-series" operational-mode="official">
      <title>NOAA's National Weather Service Forecast Data</title>
      <field>meteorological</field>
      <category>forecast</category>
      <creation-date refresh-frequency="PT1H">2015-01-13T23:44:00Z</creation-date>
    </product>
    <source>
      <more-information>http://www.nws.noaa.gov/forecasts/xml/</more-information>
      <production-center>Meteorological Development Laboratory<sub-center>Product Generation Branch</sub-center></production-center>
      <disclaimer>http://www.nws.noaa.gov/disclaimer.html</disclaimer>
      <credit>http://www.weather.gov/</credit>
      <credit-logo>http://www.weather.gov/images/xml_logo.gif</credit-logo>
      <feedback>http://www.weather.gov/feedback.php</feedback>
    </source>
  </head>
  <data>
    <location>
      <location-key>point1</location-key>
      <point latitude="42.38" longitude="-72.52"/>
    </location>
    <moreWeatherInformation applicable-location="point1">http://forecast.weather.gov/MapClick.php?textField1=42.38&amp;textField2=-72.52</moreWeatherInformation>
    <time-layout time-coordinate="local" summarization="none">
      <layout-key>k-p12h-n15-1</layout-key>
      <start-valid-time>2015-01-13T07:00:00-05:00</start-valid-time>
      <end-valid-time>2015-01-13T19:00:00-05:00</end-valid-time>
      <start-valid-time>2015-01-13T19:00:00-05:00</start-valid-time>
      <end-valid-time>2015-01-14T07:00:00-05:00</end-valid-time>
      <start-valid-time>2015-01-14T07:00:00-05:00</start-valid-time>
      <end-valid-time>2015-01-14T19:00:00-05:00</end-valid-time>
      <start-valid-time>2015-01-14T19:00:00-05:00</start-valid-time>
      <end-valid-time>2015-01-15T07:00:00-05:00</end-valid-time>
      <start-valid-time>2015-01-15T07:00:00-05:00</start-valid-time>
      <end-valid-time>2015-01-15T19:00:00-05:00</end-valid-time>
      <start-valid-time>2015-01-15T19:00:00-05:00</start-valid-time>
      <end-valid-time>2015-01-16T07:00:00-05:00</end-valid-time>
      <start-valid-time>2015-01-16T07:00:00-05:00</start-valid-time>
      <end-valid-time>2015-01-16T19:00:00-05:00</end-valid-time>
      <start-valid-time>2015-01-16T19:00:00-05:00</start-valid-time>
      <end-valid-time>2015-01-17T07:00:00-05:00</end-valid-time>
      <start-valid-time>2015-01-17T07:00:00-05:00</start-valid-time>
      <end-valid-time>2015-01-17T19:00:00-05:00</end-valid-time>
      <start-valid-time>2015-01-17T19:00:00-05:00</start-valid-time>
      <end-valid-time>2015-01-18T07:00:00-05:00</end-valid-time>
      <start-valid-time>2015-01-18T07:00:00-05:00</start-valid-time>
      <end-valid-time>2015-01-18T19:00:00-05:00</end-valid-time>
      <start-valid-time>2015-01-18T19:00:00-05:00</start-valid-time>
      <end-valid-time>2015-01-19T07:00:00-05:00</end-valid-time>
      <start-valid-time>2015-01-19T07:00:00-05:00</start-valid-time>
      <end-valid-time>2015-01-19T19:00:00-05:00</end-valid-time>
      <start-valid-time>2015-01-19T19:00:00-05:00</start-valid-time>
      <end-valid-time>2015-01-20T07:00:00-05:00</end-valid-time>
      <start-valid-time>2015-01-20T07:00:00-05:00</start-valid-time>
      <end-valid-time>2015-01-20T19:00:00-05:00</end-valid-time>
    </time-layout>
    <time-layout time-coordinate="local" summarization="none">
      <layout-key>k-p3h-n41-2</layout-key>
      <start-valid-time>2015-01-13T19:00:00-05:00</start-valid-time>
      <start-valid-time>2015-01-13T22:00:00-05:00</start-valid-time>
      <start-valid-time>2015-01-14T01:00:00-05:00</start-valid-time>
      <start-valid-time>2015-01-14T04:00:00-05:00</start-valid-time>
      <start-valid-time>2015-01-14T07:00:00-05:00</start-valid-time>
      <start-valid-time>2015-01-14T10:00:00-05:00</start-valid-time>
      <start-valid-time>2015-01-14T13:00:00-05:00</start-valid-time>
      <start-valid-time>2015-01-14T16:00:00-05:00</start-valid-time>
      <start-valid-time>2015-01-14T19:00:00-05:00</start-valid-time>
      <start-valid-time>2015-01-14T22:00:00-05:00</start-valid-time>
      <start-valid-time>2015-01-15T01:00:00-05:00</start-valid-time>
      <start-valid-time>2015-01-15T04:00:00-05:00</start-valid-time>
      <start-valid-time>2015-01-15T07:00:00-05:00</start-valid-time>
      <start-valid-time>2015-01-15T10:00:00-05:00</start-valid-time>
      <start-valid-time>2015-01-15T13:00:00-05:00</start-valid-time>
      <start-valid-time>2015-01-15T16:00:00-05:00</start-valid-time>
      <start-valid-time>2015-01-15T19:00:00-05:00</start-valid-time>
      <start-valid-time>2015-01-15T22:00:00-05:00</start-valid-time>
      <start-valid-time>2015-01-16T01:00:00-05:00</start-valid-time>
      <start-valid-time>2015-01-16T04:00:00-05:00</start-valid-time>
      <start-valid-time>2015-01-16T07:00:00-05:00</start-valid-time>
      <start-valid-time>2015-01-16T10:00:00-05:00</start-valid-time>
      <start-valid-time>2015-01-16T13:00:00-05:00</start-valid-time>
      <start-valid-time>2015-01-16T16:00:00-05:00</start-valid-time>
      <start-valid-time>2015-01-16T19:00:00-05:00</start-valid-time>
      <start-valid-time>2015-01-17T01:00:00-05:00</start-valid-time>
      <start-valid-time>2015-01-17T07:00:00-05:00</start-valid-time>
      <start-valid-time>2015-01-17T13:00:00-05:00</start-valid-time>
      <start-valid-time>2015-01-17T19:00:00-05:00</start-valid-time>
      <start-valid-time>2015-01-18T01:00:00-05:00</start-valid-time>
      <start-valid-time>2015-01-18T07:00:00-05:00</start-valid-time>
      <start-valid-time>2015-01-18T13:00:00-05:00</start-valid-time>
      <start-valid-time>2015-01-18T19:00:00-05:00</start-valid-time>
      <start-valid-time>2015-01-19T01:00:00-05:00</start-valid-time>
      <start-valid-time>2015-01-19T07:00:00-05:00</start-valid-time>
      <start-valid-time>2015-01-19T13:00:00-05:00</start-valid-time>
      <start-valid-time>2015-01-19T19:00:00-05:00</start-valid-time>
      <start-valid-time>2015-01-20T01:00:00-05:00</start-valid-time>
      <start-valid-time>2015-01-20T07:00:00-05:00</start-valid-time>
      <start-valid-time>2015-01-20T13:00:00-05:00</start-valid-time>
      <start-valid-time>2015-01-20T19:00:00-05:00</start-valid-time>
    </time-layout>
    <parameters applicable-location="point1">
      <temperature type="hourly" units="Fahrenheit" time-layout="k-p3h-n41-2">
        <name>Temperature</name>
        <value>10</value>
        <value>6</value>
        <value>3</value>
        <value>2</value>
        <value>0</value>
        <value>10</value>
        <value>22</value>
        <value>21</value>
        <value>17</value>
        <value>15</value>
        <value>13</value>
        <value>11</value>
        <value>8</value>
        <value>17</value>
        <value>26</value>
        <value>27</value>
        <value>22</value>
        <value>19</value>
        <value>17</value>
        <value>16</value>
        <value>15</value>
        <value>21</value>
        <value>28</value>
        <value>26</value>
        <value>19</value>
        <value>11</value>
        <value>6</value>
        <value>24</value>
        <value>23</value>
        <value>21</value>
        <value>21</value>
        <value>38</value>
        <value>33</value>
        <value>28</value>
        <value>24</value>
        <value>32</value>
        <value>24</value>
        <value>18</value>
        <value>14</value>
        <value>28</value>
        <value>23</value>
      </temperature>
      <wind-speed type="sustained" units="knots" time-layout="k-p3h-n41-2">
        <name>Wind Speed</name>
        <value>3</value>
        <value>3</value>
        <value>2</value>
        <value>2</value>
        <value>1</value>
        <value>1</value>
        <value>1</value>
        <value>1</value>
        <value>1</value>
        <value>2</value>
        <value>2</value>
        <value>2</value>
        <value>2</value>
        <value>1</value>
        <value>1</value>
        <value>2</value>
        <value>2</value>
        <value>3</value>
        <value>3</value>
        <value>4</value>
        <value>4</value>
        <value>6</value>
        <value>7</value>
        <value>7</value>
        <value>6</value>
        <value>4</value>
        <value>3</value>
        <value>2</value>
        <value>4</value>
        <value>5</value>
        <value>4</value>
        <value>4</value>
        <value>3</value>
        <value>4</value>
        <value>5</value>
        <value>6</value>
        <value>4</value>
        <value>3</value>
        <value>2</value>
        <value>1</value>
        <value>1</value>
      </wind-speed>
      <probability-of-precipitation type="12 hour" units="percent" time-layout="k-p12h-n15-1">
        <name>12 Hourly Probability of Precipitation</name>
        <value>1</value>
        <value>0</value>
        <value>4</value>
        <value>11</value>
        <value>8</value>
        <value>5</value>
        <value>4</value>
        <value>3</value>
        <value>3</value>
        <value>9</value>
        <value>20</value>
        <value>20</value>
        <value>10</value>
        <value>10</value>
        <value>11</value>
      </probability-of-precipitation>
    </parameters>
  </data>
</dwml>