<?xml version="1.0" encoding="UTF-8"?>
<dwml version="1.0" xmlns:xsd="http://www.w3.org/2001/XMLSchema" xmlns:xsi="http://www.w3.org/2001/XMLSchema-instance" xsi:noNamespaceSchemaLocation="http://www.nws.noaa.gov/forecasts/xml/DWMLgen/schema/DWML.xsd">
  <head>
    <product srsName="WGS 1984" concise-name="time-series" operational-mode="official">
      <title>NOAA's National Weather Service Forecast Data</title>
      <field>meteorological</field>
      <category>forecast</category>
      <creation-date refresh-frequency="PT1H">2015-01-17T21:47:22Z</creation-date>
    </product>
    <source>
      <more-information>http://www.nws.noaa.gov/forecasts/xml/</more-information>
      <production-center>Meteorological Development Laboratory<sub-center>Product Generation Branch</sub-center></production-center>
      <disclaimer>http://www.nws.noaa.gov/disclaimer.html</disclaimer>
      <credit>http://www.weather.gov/</credit>
      <credit-logo>http://www.weather.gov/images/xml_logo.gif</credit-logo>
      <feedback>http://www.weather.gov/feedback.php</feedback>
    </source>
  </head>
  <data>
    <location>
      <location-key>point1</location-key>
      <point latitude="42.38" longitude="-72.50"/>
    </location>
    <moreWeatherInformation applicable-location="point1">http://forecast.weather.gov/MapClick.php?textField1=42.38&amp;textField2=-72.50</moreWeatherInformation>
    <time-layout time-coordinate="local" summarization="none">
      <layout-key>k-p12h-n13-1</layout-key>
      <start-valid-time>2015-01-17T07:00:00-05:00</start-valid-time>
      <end-valid-time>2015-01-17T19:00:00-05:00</end-valid-time>
      <start-valid-time>2015-01-17T19:00:00-05:00</start-valid-time>
      <end-valid-time>2015-01-18T07:00:00-05:00</end-valid-time>
      <start-valid-time>2015-01-18T07:00:00-05:00</start-valid-time>
      <end-valid-time>2015-01-18T19:00:00-05:00</end-valid-time>
      <start-valid-time>2015-01-18T19:00:00-05:00</start-valid-time>
      <end-valid-time>2015-01-19T07:00:00-05:00</end-valid-time>
      <start-valid-time>2015-01-19T07:00:00-05:00</start-valid-time>
      <end-valid-time>2015-01-19T19:00:00-05:00</end-valid-time>
      <start-valid-time>2015-01-19T19:00:00-05:00</start-valid-time>
      <end-valid-time>2015-01-20T07:00:00-05:00</end-valid-time>
      <start-valid-time>2015-01-20T07:00:00-05:00</start-valid-time>
      <end-valid-time>2015-01-20T19:00:00-05:00</end-valid-time>
      <start-valid-time>2015-01-20T19:00:00-05:00</start-valid-time>
      <end-valid-time>2015-01-21T07:00:00-05:00</end-valid-time>
      <start-valid-time>2015-01-21T07:00:00-05:00</start-valid-time>
      <end-valid-time>2015-01-21T19:00:00-05:00</end-valid-time>
      <start-valid-time>2015-01-21T19:00:00-05:00</start-valid-time>
      <end-valid-time>2015-01-22T07:00:00-05:00</end-valid-time>
      <start-valid-time>2015-01-22T07:00:00-05:00</start-valid-time>
      <end-valid-time>2015-01-22T19:00:00-05:00</end-valid-time>
      <start-valid-time>2015-01-22T19:00:00-05:00</start-valid-time>
      <end-valid-time>2015-01-23T07:00:00-05:00</end-valid-time>
      <start-valid-time>2015-01-23T07:00:00-05:00</start-valid-time>
      <end-valid-time>2015-01-23T19:00:00-05:00</end-valid-time>
    </time-layout>
    <time-layout time-coordinate="local" summarization="none">
      <layout-key>k-p3h-n33-2</layout-key>
      <start-valid-time>2015-01-17T19:00:00-05:00</start-valid-time>
      <start-valid-time>2015-01-17T22:00:00-05:00</start-valid-time>
      <start-valid-time>2015-01-18T01:00:00-05:00</start-valid-time>
      <start-valid-time>2015-01-18T04:00:00-05:00</start-valid-time>
      <start-valid-time>2015-01-18T07:00:00-05:00</start-valid-time>
      <start-valid-time>2015-01-18T10:00:00-05:00</start-valid-time>
      <start-valid-time>2015-01-18T13:00:00-05:00</start-valid-time>
      <start-valid-time>2015-01-18T16:00:00-05:00</start-valid-time>
      <start-valid-time>2015-01-18T19:00:00-05:00</start-valid-time>
      <start-valid-time>2015-01-18T22:00:00-05:00</start-valid-time>
      <start-valid-time>2015-01-19T01:00:00-05:00</start-valid-time>
      <start-valid-time>2015-01-19T04:00:00-05:00</start-valid-time>
      <start-valid-time>2015-01-19T07:00:00-05:00</start-valid-time>
      <start-valid-time>2015-01-19T10:00:00-05:00</start-valid-time>
      <start-valid-time>2015-01-19T13:00:00-05:00</start-valid-time>
      <start-valid-time>2015-01-19T16:00:00-05:00</start-valid-time>
      <start-valid-time>2015-01-19T19:00:00-05:00</start-valid-time>
      <start-valid-time>2015-01-20T01:00:00-05:00</start-valid-time>
      <start-valid-time>2015-01-20T07:00:00-05:00</start-valid-time>
      <start-valid-time>2015-01-20T13:00:00-05:00</start-valid-time>
      <start-valid-time>2015-01-20T19:00:00-05:00</start-valid-time>
      <start-valid-time>2015-01-21T01:00:00-05:00</start-valid-time>
      <start-valid-time>2015-01-21T07:00:00-05:00</start-valid-time>
      <start-valid-time>2015-01-21T13:00:00-05:00</start-valid-time>
      <start-valid-time>2015-01-21T19:00:00-05:00</start-valid-time>
      <start-valid-time>2015-01-22T01:00:00-05:00</start-valid-time>
      <start-valid-time>2015-01-22T07:00:00-05:00</start-valid-time>
      <start-valid-time>2015-01-22T13:00:00-05:00</start-valid-time>
      <start-valid-time>2015-01-22T19:00:00-05:00</start-valid-time>
      <start-valid-time>2015-01-23T01:00:00-05:00</start-valid-time>
      <start-valid-time>2015-01-23T07:00:00-05:00</start-valid-time>
      <start-valid-time>2015-01-23T13:00:00-05:00</start-valid-time>
      <start-valid-time>2015-01-23T19:00:00-05:00</start-valid-time>
    </time-layout>
    <parameters applicable-location="point1">
      <temperature type="hourly" units="Fahrenheit" time-layout="k-p3h-n33-2">
        <name>Temperature</name>
        <value>17</value>
        <value>15</value>
        <value>15</value>
        <value>21</value>
        <value>28</value>
        <value>35</value>
        <value>40</value>
        <value>41</value>
        <value>38</value>
        <value>36</value>
        <value>36</value>
        <value>35</value>
        <value>33</value>
        <value>34</value>
        <value>33</value>
        <value>36</value>
        <value>29</value>
        <value>24</value>
        <value>19</value>
        <value>26</value>
        <value>24</value>
        <value>23</value>
        <value>23</value>
        <value>30</value>
        <value>25</value>
        <value>19</value>
        <value>15</value>
        <value>26</value>
        <value>21</value>
        <value>19</value>
        <value>17</value>
        <value>27</value>
        <value>21</value>
      </temperature>
      <wind-speed type="sustained" units="knots" time-layout="k-p3h-n33-2">
        <name>Wind Speed</name>
        <value>4</value>
        <value>5</value>
        <value>6</value>
        <value>3</value>
        <value>1</value>
        <value>4</value>
        <value>6</value>
        <value>6</value>
        <value>6</value>
        <value>4</value>
        <value>3</value>
        <value>7</value>
        <value>11</value>
        <value>7</value>
        <value>8</value>
        <value>8</value>
        <value>7</value>
        <value>6</value>
        <value>5</value>
        <value>5</value>
        <value>3</value>
        <value>1</value>
        <value>1</value>
        <value>2</value>
        <value>2</value>
        <value>3</value>
        <value>3</value>
        <value>4</value>
        <value>3</value>
        <value>2</value>
        <value>2</value>
        <value>4</value>
        <value>3</value>
      </wind-speed>
      <probability-of-precipitation type="12 hour" units="percent" time-layout="k-p12h-n13-1">
        <name>12 Hourly Probability of Precipitation</name>
        <value>0</value>
        <value>16</value>
        <value>90</value>
        <value>92</value>
        <value>18</value>
        <value>5</value>
        <value>11</value>
        <value>35</value>
        <value>37</value>
        <value>15</value>
        <value>8</value>
        <value>8</value>
        <value>8</value>
      </probability-of-precipitation>
    </parameters>
  </data>
</dwml>