<?xml version="1.0" encoding="UTF-8"?>
<dwml version="1.0" xmlns:xsd="http://www.w3.org/2001/XMLSchema" xmlns:xsi="http://www.w3.org/2001/XMLSchema-instance" xsi:noNamespaceSchemaLocation="http://www.nws.noaa.gov/forecasts/xml/DWMLgen/schema/DWML.xsd">
  <head>
    <product srsName="WGS 1984" concise-name="time-series" operational-mode="official">
      <title>NOAA's National Weather Service Forecast Data</title>
      <field>meteorological</field>
      <category>forecast</category>
      <creation-date refresh-frequency="PT1H">2015-01-27T21:20:06Z</creation-date>
    </product>
    <source>
      <more-information>http://www.nws.noaa.gov/forecasts/xml/</more-information>
      <production-center>Meteorological Development Laboratory<sub-center>Product Generation Branch</sub-center></production-center>
      <disclaimer>http://www.nws.noaa.gov/disclaimer.html</disclaimer>
      <credit>http://www.weather.gov/</credit>
      <credit-logo>http://www.weather.gov/images/xml_logo.gif</credit-logo>
      <feedback>http://www.weather.gov/feedback.php</feedback>
    </source>
  </head>
  <data>
    <location>
      <location-key>point1</location-key>
      <point latitude="42.38" longitude="-72.52"/>
    </location>
    <moreWeatherInformation applicable-location="point1">http://forecast.weather.gov/MapClick.php?textField1=42.38&amp;textField2=-72.52</moreWeatherInformation>
    <time-layout time-coordinate="local" summarization="none">
      <layout-key>k-p12h-n13-1</layout-key>
      <start-valid-time>2015-01-27T07:00:00-05:00</start-valid-time>
      <end-valid-time>2015-01-27T19:00:00-05:00</end-valid-time>
      <start-valid-time>2015-01-27T19:00:00-05:00</start-valid-time>
      <end-valid-time>2015-01-28T07:00:00-05:00</end-valid-time>
      <start-valid-time>2015-01-28T07:00:00-05:00</start-valid-time>
      <end-valid-time>2015-01-28T19:00:00-05:00</end-valid-time>
      <start-valid-time>2015-01-28T19:00:00-05:00</start-valid-time>
      <end-valid-time>2015-01-29T07:00:00-05:00</end-valid-time>
      <start-valid-time>2015-01-29T07:00:00-05:00</start-valid-time>
      <end-valid-time>2015-01-29T19:00:00-05:00</end-valid-time>
      <start-valid-time>2015-01-29T19:00:00-05:00</start-valid-time>
      <end-valid-time>2015-01-30T07:00:00-05:00</end-valid-time>
      <start-valid-time>2015-01-30T07:00:00-05:00</start-valid-time>
      <end-valid-time>2015-01-30T19:00:00-05:00</end-valid-time>
      <start-valid-time>2015-01-30T19:00:00-05:00</start-valid-time>
      <end-valid-time>2015-01-31T07:00:00-05:00</end-valid-time>
      <start-valid-time>2015-01-31T07:00:00-05:00</start-valid-time>
      <end-valid-time>2015-01-31T19:00:00-05:00</end-valid-time>
      <start-valid-time>2015-01-31T19:00:00-05:00</start-valid-time>
      <end-valid-time>2015-02-01T07:00:00-05:00</end-valid-time>
      <start-valid-time>2015-02-01T07:00:00-05:00</start-valid-time>
      <end-valid-time>2015-02-01T19:00:00-05:00</end-valid-time>
      <start-valid-time>2015-02-01T19:00:00-05:00</start-valid-time>
      <end-valid-time>2015-02-02T07:00:00-05:00</end-valid-time>
      <start-valid-time>2015-02-02T07:00:00-05:00</start-valid-time>
      <end-valid-time>2015-02-02T19:00:00-05:00</end-valid-time>
    </time-layout>
    <time-layout time-coordinate="local" summarization="none">
      <layout-key>k-p3h-n34-2</layout-key>
      <start-valid-time>2015-01-27T16:00:00-05:00</start-valid-time>
      <start-valid-time>2015-01-27T19:00:00-05:00</start-valid-time>
      <start-valid-time>2015-01-27T22:00:00-05:00</start-valid-time>
      <start-valid-time>2015-01-28T01:00:00-05:00</start-valid-time>
      <start-valid-time>2015-01-28T04:00:00-05:00</start-valid-time>
      <start-valid-time>2015-01-28T07:00:00-05:00</start-valid-time>
      <start-valid-time>2015-01-28T10:00:00-05:00</start-valid-time>
      <start-valid-time>2015-01-28T13:00:00-05:00</start-valid-time>
      <start-valid-time>2015-01-28T16:00:00-05:00</start-valid-time>
      <start-valid-time>2015-01-28T19:00:00-05:00</start-valid-time>
      <start-valid-time>2015-01-28T22:00:00-05:00</start-valid-time>
      <start-valid-time>2015-01-29T01:00:00-05:00</start-valid-time>
      <start-valid-time>2015-01-29T04:00:00-05:00</start-valid-time>
      <start-valid-time>2015-01-29T07:00:00-05:00</start-valid-time>
      <start-valid-time>2015-01-29T10:00:00-05:00</start-valid-time>
      <start-valid-time>2015-01-29T13:00:00-05:00</start-valid-time>
      <start-valid-time>2015-01-29T16:00:00-05:00</start-valid-time>
      <start-valid-time>2015-01-29T19:00:00-05:00</start-valid-time>
      <start-valid-time>2015-01-30T01:00:00-05:00</start-valid-time>
      <start-valid-time>2015-01-30T07:00:00-05:00</start-valid-time>
      <start-valid-time>2015-01-30T13:00:00-05:00</start-valid-time>
      <start-valid-time>2015-01-30T19:00:00-05:00</start-valid-time>
      <start-valid-time>2015-01-31T01:00:00-05:00</start-valid-time>
      <start-valid-time>2015-01-31T07:00:00-05:00</start-valid-time>
      <start-valid-time>2015-01-31T13:00:00-05:00</start-valid-time>
      <start-valid-time>2015-01-31T19:00:00-05:00</start-valid-time>
      <start-valid-time>2015-02-01T01:00:00-05:00</start-valid-time>
      <start-valid-time>2015-02-01T07:00:00-05:00</start-valid-time>
      <start-valid-time>2015-02-01T13:00:00-05:00</start-valid-time>
      <start-valid-time>2015-02-01T19:00:00-05:00</start-valid-time>
      <start-valid-time>2015-02-02T01:00:00-05:00</start-valid-time>
      <start-valid-time>2015-02-02T07:00:00-05:00</start-valid-time>
      <start-valid-time>2015-02-02T13:00:00-05:00</start-valid-time>
      <start-valid-time>2015-02-02T19:00:00-05:00</start-valid-time>
    </time-layout>
    <parameters applicable-location="point1">
      <temperature type="apparent" units="Fahrenheit" time-layout="k-p3h-n34-2">
        <name>Apparent Temperature</name>
        <value>5</value>
        <value>5</value>
        <value>-1</value>
        <value>0</value>
        <value>-1</value>
        <value>-2</value>
        <value>5</value>
        <value>11</value>
        <value>11</value>
        <value>4</value>
        <value>8</value>
        <value>5</value>
        <value>2</value>
        <value>1</value>
        <value>7</value>
        <value>19</value>
        <value>22</value>
        <value>19</value>
        <value>17</value>
        <value>27</value>
        <value>24</value>
        <value>4</value>
        <value>-7</value>
        <value>-16</value>
        <value>2</value>
        <value>2</value>
        <value>4</value>
        <value>0</value>
        <value>13</value>
        <value>9</value>
        <value>10</value>
        <value>1</value>
        <value>6</value>
        <value>1</value>
      </temperature>
      <probability-of-precipitation type="12 hour" units="percent" time-layout="k-p12h-n13-1">
        <name>12 Hourly Probability of Precipitation</name>
        <value>100</value>
        <value>33</value>
        <value>9</value>
        <value>2</value>
        <value>17</value>
        <value>59</value>
        <value>56</value>
        <value>13</value>
        <value>5</value>
        <value>11</value>
        <value>23</value>
        <value>29</value>
        <value>22</value>
      </probability-of-precipitation>
      <wind-speed type="sustained" units="knots" time-layout="k-p3h-n34-2">
        <name>Wind Speed</name>
        <value>13</value>
        <value>13</value>
        <value>10</value>
        <value>7</value>
        <value>7</value>
        <value>7</value>
        <value>7</value>
        <value>7</value>
        <value>6</value>
        <value>4</value>
        <value>2</value>
        <value>1</value>
        <value>2</value>
        <value>2</value>
        <value>3</value>
        <value>4</value>
        <value>5</value>
        <value>5</value>
        <value>4</value>
        <value>1</value>
        <value>6</value>
        <value>12</value>
        <value>11</value>
        <value>12</value>
        <value>11</value>
        <value>7</value>
        <value>3</value>
        <value>3</value>
        <value>4</value>
        <value>4</value>
        <value>3</value>
        <value>3</value>
        <value>5</value>
        <value>5</value>
      </wind-speed>
      <cloud-amount type="total" units="percent" time-layout="k-p3h-n34-2">
        <name>Cloud Cover Amount</name>
        <value>100</value>
        <value>99</value>
        <value>98</value>
        <value>96</value>
        <value>89</value>
        <value>82</value>
        <value>67</value>
        <value>53</value>
        <value>32</value>
        <value>9</value>
        <value>15</value>
        <value>14</value>
        <value>17</value>
        <value>20</value>
        <value>42</value>
        <value>65</value>
        <value>74</value>
        <value>84</value>
        <value>96</value>
        <value>96</value>
        <value>76</value>
        <value>65</value>
        <value>38</value>
        <value>28</value>
        <value>30</value>
        <value>28</value>
        <value>51</value>
        <value>56</value>
        <value>63</value>
        <value>63</value>
        <value>69</value>
        <value>67</value>
        <value>48</value>
        <value>63</value>
      </cloud-amount>
    </parameters>
  </data>
</dwml>