<?xml version="1.0"?>
<dwml version="1.0" xmlns:xsi="http://www.w3.org/2001/XMLSchema-instance"
      xsi:noNamespaceSchemaLocation="http://www.nws.noaa.gov/forecasts/xml/DWMLgen/schema/DWML.xsd">
    <head>
        <product srsName="WGS 1984" concise-name="time-series" operational-mode="official">
            <title>NOAA's National Weather Service Forecast Data</title>
            <field>meteorological</field>
            <category>forecast</category>
            <creation-date refresh-frequency="PT1H">2015-03-02T04:21:42Z</creation-date>
        </product>
        <source>
            <more-information>http://www.nws.noaa.gov/forecasts/xml/</more-information>
            <production-center>Meteorological Development Laboratory
                <sub-center>Product Generation Branch</sub-center>
            </production-center>
            <disclaimer>http://www.nws.noaa.gov/disclaimer.html</disclaimer>
            <credit>http://www.weather.gov/</credit>
            <credit-logo>http://www.weather.gov/images/xml_logo.gif</credit-logo>
            <feedback>http://www.weather.gov/feedback.php</feedback>
        </source>
    </head>
    <data>
        <location>
            <location-key>point1</location-key>
            <point latitude="42.38" longitude="-72.50"/>
        </location>
        <moreWeatherInformation applicable-location="point1">http://forecast.weather.gov/MapClick.php?textField1=42.38&amp;textField2=-72.50</moreWeatherInformation>
        <time-layout time-coordinate="local" summarization="none">
            <layout-key>k-p12h-n14-1</layout-key>
            <start-valid-time>2015-03-01T19:00:00-05:00</start-valid-time>
            <end-valid-time>2015-03-02T07:00:00-05:00</end-valid-time>
            <start-valid-time>2015-03-02T07:00:00-05:00</start-valid-time>
            <end-valid-time>2015-03-02T19:00:00-05:00</end-valid-time>
            <start-valid-time>2015-03-02T19:00:00-05:00</start-valid-time>
            <end-valid-time>2015-03-03T07:00:00-05:00</end-valid-time>
            <start-valid-time>2015-03-03T07:00:00-05:00</start-valid-time>
            <end-valid-time>2015-03-03T19:00:00-05:00</end-valid-time>
            <start-valid-time>2015-03-03T19:00:00-05:00</start-valid-time>
            <end-valid-time>2015-03-04T07:00:00-05:00</end-valid-time>
            <start-valid-time>2015-03-04T07:00:00-05:00</start-valid-time>
            <end-valid-time>2015-03-04T19:00:00-05:00</end-valid-time>
            <start-valid-time>2015-03-04T19:00:00-05:00</start-valid-time>
            <end-valid-time>2015-03-05T07:00:00-05:00</end-valid-time>
            <start-valid-time>2015-03-05T07:00:00-05:00</start-valid-time>
            <end-valid-time>2015-03-05T19:00:00-05:00</end-valid-time>
            <start-valid-time>2015-03-05T19:00:00-05:00</start-valid-time>
            <end-valid-time>2015-03-06T07:00:00-05:00</end-valid-time>
            <start-valid-time>2015-03-06T07:00:00-05:00</start-valid-time>
            <end-valid-time>2015-03-06T19:00:00-05:00</end-valid-time>
            <start-valid-time>2015-03-06T19:00:00-05:00</start-valid-time>
            <end-valid-time>2015-03-07T07:00:00-05:00</end-valid-time>
            <start-valid-time>2015-03-07T07:00:00-05:00</start-valid-time>
            <end-valid-time>2015-03-07T19:00:00-05:00</end-valid-time>
            <start-valid-time>2015-03-07T20:00:00-05:00</start-valid-time>
            <end-valid-time>2015-03-08T08:00:00-04:00</end-valid-time>
            <start-valid-time>2015-03-08T08:00:00-04:00</start-valid-time>
            <end-valid-time>2015-03-08T20:00:00-04:00</end-valid-time>
        </time-layout>
        <time-layout time-coordinate="local" summarization="none">
            <layout-key>k-p3h-n39-2</layout-key>
            <start-valid-time>2015-03-02T01:00:00-05:00</start-valid-time>
            <start-valid-time>2015-03-02T04:00:00-05:00</start-valid-time>
            <start-valid-time>2015-03-02T07:00:00-05:00</start-valid-time>
            <start-valid-time>2015-03-02T10:00:00-05:00</start-valid-time>
            <start-valid-time>2015-03-02T13:00:00-05:00</start-valid-time>
            <start-valid-time>2015-03-02T16:00:00-05:00</start-valid-time>
            <start-valid-time>2015-03-02T19:00:00-05:00</start-valid-time>
            <start-valid-time>2015-03-02T22:00:00-05:00</start-valid-time>
            <start-valid-time>2015-03-03T01:00:00-05:00</start-valid-time>
            <start-valid-time>2015-03-03T04:00:00-05:00</start-valid-time>
            <start-valid-time>2015-03-03T07:00:00-05:00</start-valid-time>
            <start-valid-time>2015-03-03T10:00:00-05:00</start-valid-time>
            <start-valid-time>2015-03-03T13:00:00-05:00</start-valid-time>
            <start-valid-time>2015-03-03T16:00:00-05:00</start-valid-time>
            <start-valid-time>2015-03-03T19:00:00-05:00</start-valid-time>
            <start-valid-time>2015-03-03T22:00:00-05:00</start-valid-time>
            <start-valid-time>2015-03-04T01:00:00-05:00</start-valid-time>
            <start-valid-time>2015-03-04T04:00:00-05:00</start-valid-time>
            <start-valid-time>2015-03-04T07:00:00-05:00</start-valid-time>
            <start-valid-time>2015-03-04T10:00:00-05:00</start-valid-time>
            <start-valid-time>2015-03-04T13:00:00-05:00</start-valid-time>
            <start-valid-time>2015-03-04T16:00:00-05:00</start-valid-time>
            <start-valid-time>2015-03-04T19:00:00-05:00</start-valid-time>
            <start-valid-time>2015-03-05T01:00:00-05:00</start-valid-time>
            <start-valid-time>2015-03-05T07:00:00-05:00</start-valid-time>
            <start-valid-time>2015-03-05T13:00:00-05:00</start-valid-time>
            <start-valid-time>2015-03-05T19:00:00-05:00</start-valid-time>
            <start-valid-time>2015-03-06T01:00:00-05:00</start-valid-time>
            <start-valid-time>2015-03-06T07:00:00-05:00</start-valid-time>
            <start-valid-time>2015-03-06T13:00:00-05:00</start-valid-time>
            <start-valid-time>2015-03-06T19:00:00-05:00</start-valid-time>
            <start-valid-time>2015-03-07T01:00:00-05:00</start-valid-time>
            <start-valid-time>2015-03-07T07:00:00-05:00</start-valid-time>
            <start-valid-time>2015-03-07T13:00:00-05:00</start-valid-time>
            <start-valid-time>2015-03-07T19:00:00-05:00</start-valid-time>
            <start-valid-time>2015-03-08T01:00:00-05:00</start-valid-time>
            <start-valid-time>2015-03-08T08:00:00-04:00</start-valid-time>
            <start-valid-time>2015-03-08T14:00:00-04:00</start-valid-time>
            <start-valid-time>2015-03-08T20:00:00-04:00</start-valid-time>
        </time-layout>
        <parameters applicable-location="point1">
            <temperature type="apparent" units="Fahrenheit" time-layout="k-p3h-n39-2">
                <name>Apparent Temperature</name>
                <value>20</value>
                <value>18</value>
                <value>9</value>
                <value>17</value>
                <value>21</value>
                <value>19</value>
                <value>7</value>
                <value>3</value>
                <value>-1</value>
                <value>5</value>
                <value>0</value>
                <value>14</value>
                <value>26</value>
                <value>25</value>
                <value>22</value>
                <value>19</value>
                <value>24</value>
                <value>26</value>
                <value>27</value>
                <value>32</value>
                <value>36</value>
                <value>38</value>
                <value>28</value>
                <value>19</value>
                <value>11</value>
                <value>17</value>
                <value>9</value>
                <value>2</value>
                <value>-2</value>
                <value>21</value>
                <value>15</value>
                <value>8</value>
                <value>5</value>
                <value>28</value>
                <value>23</value>
                <value>13</value>
                <value>11</value>
                <value>31</value>
                <value>23</value>
            </temperature>
            <probability-of-precipitation type="12 hour" units="percent" time-layout="k-p12h-n14-1">
                <name>12 Hourly Probability of Precipitation</name>
                <value>97</value>
                <value>8</value>
                <value>2</value>
                <value>45</value>
                <value>82</value>
                <value>40</value>
                <value>30</value>
                <value>14</value>
                <value>6</value>
                <value>6</value>
                <value>7</value>
                <value>6</value>
                <value>6</value>
                <value>6</value>
            </probability-of-precipitation>
            <wind-speed type="sustained" units="knots" time-layout="k-p3h-n39-2">
                <name>Wind Speed</name>
                <value>3</value>
                <value>3</value>
                <value>7</value>
                <value>12</value>
                <value>15</value>
                <value>14</value>
                <value>11</value>
                <value>7</value>
                <value>5</value>
                <value>2</value>
                <value>3</value>
                <value>3</value>
                <value>2</value>
                <value>3</value>
                <value>4</value>
                <value>5</value>
                <value>6</value>
                <value>7</value>
                <value>7</value>
                <value>6</value>
                <value>5</value>
                <value>5</value>
                <value>5</value>
                <value>4</value>
                <value>7</value>
                <value>8</value>
                <value>6</value>
                <value>4</value>
                <value>5</value>
                <value>3</value>
                <value>3</value>
                <value>3</value>
                <value>4</value>
                <value>5</value>
                <value>4</value>
                <value>4</value>
                <value>5</value>
                <value>5</value>
                <value>4</value>
            </wind-speed>
            <cloud-amount type="total" units="percent" time-layout="k-p3h-n39-2">
                <name>Cloud Cover Amount</name>
                <value>96</value>
                <value>92</value>
                <value>87</value>
                <value>73</value>
                <value>59</value>
                <value>47</value>
                <value>36</value>
                <value>20</value>
                <value>5</value>
                <value>9</value>
                <value>11</value>
                <value>36</value>
                <value>60</value>
                <value>80</value>
                <value>100</value>
                <value>100</value>
                <value>100</value>
                <value>93</value>
                <value>86</value>
                <value>77</value>
                <value>67</value>
                <value>70</value>
                <value>72</value>
                <value>78</value>
                <value>70</value>
                <value>68</value>
                <value>40</value>
                <value>17</value>
                <value>17</value>
                <value>27</value>
                <value>35</value>
                <value>55</value>
                <value>55</value>
                <value>53</value>
                <value>46</value>
                <value>43</value>
                <value>40</value>
                <value>37</value>
                <value>42</value>
            </cloud-amount>
        </parameters>
    </data>
</dwml>
